<?xml version="1.0" encoding="UTF-8"?>
<testsuite xmlns:xsi="http://www.w3.org/2001/XMLSchema-instance" xsi:noNamespaceSchemaLocation="https://maven.apache.org/surefire/maven-surefire-plugin/xsd/surefire-test-report.xsd" name="MyTest" time="0.415" tests="4" errors="0" skipped="0" failures="0">
  <properties>
[...]
</properties>
  <testcase name="horizontalTest" classname="MyTest" time="0.396"/>
  <testcase name="diagonalTest" classname="MyTest" time="0.004"/>
  <testcase name="DrawTest" classname="MyTest" time="0.004"/>
  <testcase name="verticalTest" classname="MyTest" time="0.004"/>
</testsuite>